This file contains any messages produced by compilers while
running configure, to aid debugging if configure makes a mistake.

It was created by FULL-PACKAGE-NAME configure VERSION, which was
generated by GNU Autoconf 2.61.  Invocation command line was

  $ ./configure 

## --------- ##
## Platform. ##
## --------- ##

hostname = Local-Admins-MacBook-Pro.local
uname -m = i386
uname -r = 10.8.0
uname -s = Darwin
uname -v = Darwin Kernel Version 10.8.0: Tue Jun  7 16:33:36 PDT 2011; root:xnu-1504.15.3~1/RELEASE_I386

/usr/bin/uname -p = i386
/bin/uname -X     = unknown

/bin/arch              = unknown
/usr/bin/arch -k       = unknown
/usr/convex/getsysinfo = unknown
/usr/bin/hostinfo      = Mach kernel version:
	 Darwin Kernel Version 10.8.0: Tue Jun  7 16:33:36 PDT 2011; root:xnu-1504.15.3~1/RELEASE_I386
Kernel configured for up to 2 processors.
2 processors are physically available.
2 processors are logically available.
Processor type: i486 (Intel 80486)
Processors active: 0 1
Primary memory available: 8.00 gigabytes
Default processor set: 159 tasks, 651 threads, 2 processors
Load average: 3.08, Mach factor: 0.95
/bin/machine           = unknown
/usr/bin/oslevel       = unknown
/bin/universe          = unknown

PATH: /Library/Frameworks/Python.framework/Versions/Current/bin
PATH: /Library/Frameworks/Python.framework/Versions/Current/bin
PATH: /Users/ericgallager/bin
PATH: /usr/local/sbin
PATH: /usr/local/bin
PATH: /Developer/usr/bin
PATH: /Library/Frameworks/Python.framework/Versions/2.7/bin
PATH: /usr/bin
PATH: /bin
PATH: /usr/sbin
PATH: /sbin
PATH: /usr/local/bin
PATH: /opt/X11/bin
PATH: /usr/texbin
PATH: /usr/X11/bin
PATH: /opt/local/bin
PATH: /Developer/usr/bin
PATH: /sw/bin
PATH: /sw2/bin
PATH: /opt/local/share/java/android-sdk-macosx/tools
PATH: /opt/local/share/java/android-sdk-macosx/platform-tools
PATH: /opt/local/sbin
PATH: /opt/local/GNUstep/System/Tools
PATH: /sw/sbin
PATH: /sw2/bootstrap/bin
PATH: /sw2/bootstrap/sbin
PATH: /usr/local/sbin
PATH: /Developer/Tools
PATH: /usr/local/tigcc/bin
PATH: /usr/local/texlive/2010basic/bin/universal-darwin
PATH: /usr/local/php5/bin
PATH: /usr/local/mysql-5.5.9-osx10.6-x86_64/bin
PATH: /usr/local/mysql/bin
PATH: /Developer/usr/sbin
PATH: /Developer/usr/local/bin
PATH: /usr/local/heroku/bin
PATH: /usr/local/git/bin
PATH: /usr/local/foreman/bin
PATH: /usr/local/flexnetserver
PATH: /usr/local/clamXav/bin
PATH: /opt/nova/bin
PATH: /opt/local/lib/erlang/bin
PATH: /Users/ericgallager/Downloads/WebKit-r101776/Tools/CygwinDownloader/bin
PATH: /Users/ericgallager/Downloads/nacl_sdk/pepper_15/toolchain/mac_x86_newlib/bin
PATH: /usr/local/ActivePerl-5.14/bin
PATH: /usr/local/PDK/bin
PATH: /opt/local/GNUstep/bin
PATH: /


## ----------- ##
## Core tests. ##
## ----------- ##

configure:1738: checking for gcc
configure:1754: found /usr/local/bin/gcc
configure:1765: result: gcc
configure:2003: checking for C compiler version
configure:2010: gcc --version >&5
i686-apple-darwin10-gcc-4.2.1 (GCC) 4.2.1 (Apple Inc. build 5666) (dot 3)
Copyright (C) 2007 Free Software Foundation, Inc.
This is free software; see the source for copying conditions.  There is NO
warranty; not even for MERCHANTABILITY or FITNESS FOR A PARTICULAR PURPOSE.

configure:2013: $? = 0
configure:2020: gcc -v >&5
Using built-in specs.
Target: i686-apple-darwin10
Configured with: /var/tmp/gcc/gcc-5666.3~6/src/configure --disable-checking --enable-werror --prefix=/usr --mandir=/share/man --enable-languages=c,objc,c++,obj-c++ --program-transform-name=/^[cg][^.-]*$/s/$/-4.2/ --with-slibdir=/usr/lib --build=i686-apple-darwin10 --program-prefix=i686-apple-darwin10- --host=x86_64-apple-darwin10 --target=i686-apple-darwin10 --with-gxx-include-dir=/include/c++/4.2.1
Thread model: posix
gcc version 4.2.1 (Apple Inc. build 5666) (dot 3)
configure:2023: $? = 0
configure:2030: gcc -V >&5
gcc-4.2: argument to `-V' is missing
configure:2033: $? = 1
configure:2056: checking for C compiler default output file name
configure:2083: gcc    conftest.c  >&5
configure:2086: $? = 0
configure:2124: result: a.out
configure:2141: checking whether the C compiler works
configure:2151: ./a.out
configure:2154: $? = 0
configure:2171: result: yes
configure:2178: checking whether we are cross compiling
configure:2180: result: no
configure:2183: checking for suffix of executables
configure:2190: gcc -o conftest    conftest.c  >&5
configure:2193: $? = 0
configure:2217: result: 
configure:2223: checking for suffix of object files
configure:2249: gcc -c   conftest.c >&5
configure:2252: $? = 0
configure:2275: result: o
configure:2279: checking whether we are using the GNU C compiler
configure:2308: gcc -c   conftest.c >&5
configure:2314: $? = 0
configure:2331: result: yes
configure:2336: checking whether gcc accepts -g
configure:2366: gcc -c -g  conftest.c >&5
configure:2372: $? = 0
configure:2471: result: yes
configure:2488: checking for gcc option to accept ISO C89
configure:2562: gcc  -c -g -O2  conftest.c >&5
configure:2568: $? = 0
configure:2591: result: none needed
configure:2619: checking how to run the C preprocessor
configure:2659: gcc -E  conftest.c
configure:2665: $? = 0
configure:2696: gcc -E  conftest.c
conftest.c:8:28: error: ac_nonexistent.h: No such file or directory
configure:2702: $? = 1
configure: failed program was:
| /* confdefs.h.  */
| #define PACKAGE_NAME "FULL-PACKAGE-NAME"
| #define PACKAGE_TARNAME "full-package-name"
| #define PACKAGE_VERSION "VERSION"
| #define PACKAGE_STRING "FULL-PACKAGE-NAME VERSION"
| #define PACKAGE_BUGREPORT "BUG-REPORT-ADDRESS"
| /* end confdefs.h.  */
| #include <ac_nonexistent.h>
configure:2735: result: gcc -E
configure:2764: gcc -E  conftest.c
configure:2770: $? = 0
configure:2801: gcc -E  conftest.c
conftest.c:8:28: error: ac_nonexistent.h: No such file or directory
configure:2807: $? = 1
configure: failed program was:
| /* confdefs.h.  */
| #define PACKAGE_NAME "FULL-PACKAGE-NAME"
| #define PACKAGE_TARNAME "full-package-name"
| #define PACKAGE_VERSION "VERSION"
| #define PACKAGE_STRING "FULL-PACKAGE-NAME VERSION"
| #define PACKAGE_BUGREPORT "BUG-REPORT-ADDRESS"
| /* end confdefs.h.  */
| #include <ac_nonexistent.h>
configure:2845: checking for grep that handles long lines and -e
configure:2919: result: /usr/bin/grep
configure:2924: checking for egrep
configure:3002: result: /usr/bin/grep -E
configure:3007: checking for ANSI C header files
configure:3037: gcc -c -g -O2  conftest.c >&5
configure:3043: $? = 0
configure:3142: gcc -o conftest -g -O2   conftest.c  >&5
configure:3145: $? = 0
configure:3151: ./conftest
configure:3154: $? = 0
configure:3171: result: yes
configure:3195: checking for sys/types.h
configure:3216: gcc -c -g -O2  conftest.c >&5
configure:3222: $? = 0
configure:3238: result: yes
configure:3195: checking for sys/stat.h
configure:3216: gcc -c -g -O2  conftest.c >&5
configure:3222: $? = 0
configure:3238: result: yes
configure:3195: checking for stdlib.h
configure:3216: gcc -c -g -O2  conftest.c >&5
configure:3222: $? = 0
configure:3238: result: yes
configure:3195: checking for string.h
configure:3216: gcc -c -g -O2  conftest.c >&5
configure:3222: $? = 0
configure:3238: result: yes
configure:3195: checking for memory.h
configure:3216: gcc -c -g -O2  conftest.c >&5
configure:3222: $? = 0
configure:3238: result: yes
configure:3195: checking for strings.h
configure:3216: gcc -c -g -O2  conftest.c >&5
configure:3222: $? = 0
configure:3238: result: yes
configure:3195: checking for inttypes.h
configure:3216: gcc -c -g -O2  conftest.c >&5
configure:3222: $? = 0
configure:3238: result: yes
configure:3195: checking for stdint.h
configure:3216: gcc -c -g -O2  conftest.c >&5
configure:3222: $? = 0
configure:3238: result: yes
configure:3195: checking for unistd.h
configure:3216: gcc -c -g -O2  conftest.c >&5
configure:3222: $? = 0
configure:3238: result: yes
configure:3256: checking for stdlib.h
configure:3262: result: yes
configure:3256: checking for string.h
configure:3262: result: yes
configure:3398: checking for an ANSI C-conforming const
configure:3473: gcc -c -g -O2  conftest.c >&5
configure:3479: $? = 0
configure:3494: result: yes
configure:3607: creating ./config.status

## ---------------------- ##
## Running config.status. ##
## ---------------------- ##

This file was extended by FULL-PACKAGE-NAME config.status VERSION, which was
generated by GNU Autoconf 2.61.  Invocation command line was

  CONFIG_FILES    = 
  CONFIG_HEADERS  = 
  CONFIG_LINKS    = 
  CONFIG_COMMANDS = 
  $ ./config.status 

on Local-Admins-MacBook-Pro.local

config.status:515: creating config.h

## ---------------- ##
## Cache variables. ##
## ---------------- ##

ac_cv_c_compiler_gnu=yes
ac_cv_c_const=yes
ac_cv_env_CC_set=
ac_cv_env_CC_value=
ac_cv_env_CFLAGS_set=
ac_cv_env_CFLAGS_value=
ac_cv_env_CPPFLAGS_set=
ac_cv_env_CPPFLAGS_value=
ac_cv_env_CPP_set=
ac_cv_env_CPP_value=
ac_cv_env_LDFLAGS_set=
ac_cv_env_LDFLAGS_value=
ac_cv_env_LIBS_set=
ac_cv_env_LIBS_value=
ac_cv_env_build_alias_set=
ac_cv_env_build_alias_value=
ac_cv_env_host_alias_set=
ac_cv_env_host_alias_value=
ac_cv_env_target_alias_set=
ac_cv_env_target_alias_value=
ac_cv_header_inttypes_h=yes
ac_cv_header_memory_h=yes
ac_cv_header_stdc=yes
ac_cv_header_stdint_h=yes
ac_cv_header_stdlib_h=yes
ac_cv_header_string_h=yes
ac_cv_header_strings_h=yes
ac_cv_header_sys_stat_h=yes
ac_cv_header_sys_types_h=yes
ac_cv_header_unistd_h=yes
ac_cv_objext=o
ac_cv_path_EGREP='/usr/bin/grep -E'
ac_cv_path_GREP=/usr/bin/grep
ac_cv_prog_CPP='gcc -E'
ac_cv_prog_ac_ct_CC=gcc
ac_cv_prog_cc_c89=
ac_cv_prog_cc_g=yes

## ----------------- ##
## Output variables. ##
## ----------------- ##

CC='gcc'
CFLAGS='-g -O2'
CPP='gcc -E'
CPPFLAGS=''
DEFS='-DHAVE_CONFIG_H'
ECHO_C='ECHO_N=''
ECHO_T=''
EGREP='/usr/bin/grep -E'
EXEEXT=''
GREP='/usr/bin/grep'
LDFLAGS=''
LIBOBJS=''
LIBS=''
LTLIBOBJS=''
OBJEXT='o'
PACKAGE_BUGREPORT='BUG-REPORT-ADDRESS'
PACKAGE_NAME='FULL-PACKAGE-NAME'
PACKAGE_STRING='FULL-PACKAGE-NAME VERSION'
PACKAGE_TARNAME='full-package-name'
PACKAGE_VERSION='VERSION'
PATH_SEPARATOR=':'
SHELL='/bin/sh'
ac_ct_CC='gcc'
bindir='${exec_prefix}/bin'
build_alias=''
datadir='${datarootdir}'
datarootdir='${prefix}/share'
docdir='${datarootdir}/doc/${PACKAGE_TARNAME}'
dvidir='${docdir}'
exec_prefix='${prefix}'
host_alias=''
htmldir='${docdir}'
includedir='${prefix}/include'
infodir='${datarootdir}/info'
libdir='${exec_prefix}/lib'
libexecdir='${exec_prefix}/libexec'
localedir='${datarootdir}/locale'
localstatedir='${prefix}/var'
mandir='${datarootdir}/man'
oldincludedir='/usr/include'
pdfdir='${docdir}'
prefix='/usr/local'
program_transform_name='s,x,x,'
psdir='${docdir}'
sbindir='${exec_prefix}/sbin'
sharedstatedir='${prefix}/com'
sysconfdir='${prefix}/etc'
target_alias=''

## ----------- ##
## confdefs.h. ##
## ----------- ##

#define PACKAGE_NAME "FULL-PACKAGE-NAME"
#define PACKAGE_TARNAME "full-package-name"
#define PACKAGE_VERSION "VERSION"
#define PACKAGE_STRING "FULL-PACKAGE-NAME VERSION"
#define PACKAGE_BUGREPORT "BUG-REPORT-ADDRESS"
#define STDC_HEADERS 1
#define HAVE_SYS_TYPES_H 1
#define HAVE_SYS_STAT_H 1
#define HAVE_STDLIB_H 1
#define HAVE_STRING_H 1
#define HAVE_MEMORY_H 1
#define HAVE_STRINGS_H 1
#define HAVE_INTTYPES_H 1
#define HAVE_STDINT_H 1
#define HAVE_UNISTD_H 1
#define HAVE_STDLIB_H 1
#define HAVE_STRING_H 1

configure: exit 0
