#  /Developer/usr/bin/gdb t=0.002844 Tepoch=1344214991.514300
<- (gdb) 
-> 7046-gdb-version
#  PBXGDB_MIGDBVersionCommand t=1.631655 Tepoch=1344214993.143111
-> 7047-gdb-set auto-raise-load-levels 1
#  PBXGDB_MISetAutoRaiseSymbols t=1.631736 Tepoch=1344214993.143192
-> 7048-gdb-set env DYLD_NO_FIX_PREBINDING YES
#  PBXGDB_MISetEnvCommand t=1.631800 Tepoch=1344214993.143256
-> 7049-gdb-set env SSH_AUTH_SOCK /tmp/launch-5QrILR/Listeners
#  PBXGDB_MISetEnvCommand t=1.631856 Tepoch=1344214993.143312
-> 7050-gdb-set env GL_ENABLE_DEBUG_ATTACH YES
#  PBXGDB_MISetEnvCommand t=1.631913 Tepoch=1344214993.143369
-> 7051-gdb-set env C_INCLUDE_PATH /include:/usr/include:usr/local/include:/opt/local/include:/sw/include:/Developer/usr/include:/usr/local/clang+llvm-2.9-x86_64-apple-darwin10/include:/usr/local/apr/include:/usr/local/llvm-gcc-4.2-2.9-x86_64-apple-darwin10/include:/usr/local/cuda/include:/usr/local/mysql/include:/usr/local/mysql-5.5.9-osx10.6-x86_64/include:/usr/local/php5/include
#  PBXGDB_MISetEnvCommand t=1.631969 Tepoch=1344214993.143425
-> 7052-gdb-set env Apple_PubSub_Socket_Render /tmp/launch-hfiLYI/Render
#  PBXGDB_MISetEnvCommand t=1.632034 Tepoch=1344214993.143490
-> 7053-gdb-set env NODE_PATH /Users/ericgallager/node_modules:/opt/local/lib/node_modules
#  PBXGDB_MISetEnvCommand t=1.632088 Tepoch=1344214993.143544
-> 7054-gdb-set env DBUS_FINK_SESSION_BUS_SOCKET /tmp/launch-hIY3EQ/unix_domain_listener
#  PBXGDB_MISetEnvCommand t=1.632138 Tepoch=1344214993.143594
-> 7055-gdb-set env COM_GOOGLE_CHROME_FRAMEWORK_SERVICE_PROCESS/USERS/ERICGALLAGER/LIBRARY/APPLICATION_SUPPORT/GOOGLE/CHROME_CANARY_SOCKET /tmp/launch-uNtj4n/ServiceProcessSocket
#  PBXGDB_MISetEnvCommand t=1.632196 Tepoch=1344214993.143653
-> 7056-gdb-set env DYLD_FRAMEWORK_PATH /Users/localadmin/Documents/School/Computer Science/Intro to C/CommonWords/build/Debug
#  PBXGDB_MISetEnvCommand t=1.632252 Tepoch=1344214993.143708
-> 7057-gdb-set env USERBREAK 1
#  PBXGDB_MISetEnvCommand t=1.632303 Tepoch=1344214993.143759
-> 7058-gdb-set env GNUSTEP_SYSTEM_ROOT /opt/local/GNUstep/System
#  PBXGDB_MISetEnvCommand t=1.632353 Tepoch=1344214993.143809
-> 7059-gdb-set env SHELL /bin/bash
#  PBXGDB_MISetEnvCommand t=1.632405 Tepoch=1344214993.143861
-> 7060-gdb-set env DYLD_LIBRARY_PATH /Users/localadmin/Documents/School/Computer Science/Intro to C/CommonWords/build/Debug
#  PBXGDB_MISetEnvCommand t=1.632458 Tepoch=1344214993.143914
-> 7061-gdb-set env PKG_CONFIG_PATH /usr/lib/pkgconfig:/usr/local/lib/pkgconfig:/opt/local/lib/pkgconfig:/sw/lib/pkgconfig:/lib/pkgconfig:/Developer/usr/lib/pkgconfig
#  PBXGDB_MISetEnvCommand t=1.632512 Tepoch=1344214993.143968
-> 7062-gdb-set env NSUnbufferedIO YES
#  PBXGDB_MISetEnvCommand t=1.632565 Tepoch=1344214993.144021
-> 7063-gdb-set env PATH /Developer/usr/bin:/bin:/sbin:/usr/bin:/usr/sbin:/opt/local/bin:/opt/local/sbin:/opt/local/GNUstep/System/Tools:/sw/bin:/sw/sbin:/sw2/bootstrap/bin:/sw2/bootstrap/sbin:/usr/local/sbin:/Developer/Tools:/usr/local/tigcc/bin:/usr/local/texlive/2010basic/bin/universal-darwin:/usr/local/php5/bin:/usr/local/mysql-5.5.9-osx10.6-x86_64/bin:/usr/local/mysql/bin:/Developer/usr/bin:/Developer/usr/sbin:/Developer/usr/local/bin:/usr/local/heroku/bin:/usr/local/git/bin:/usr/local/foreman/bin:/usr/local/flexnetserver:/usr/local/clamXav/bin:/opt/nova/bin:/opt/local/lib/erlang/bin:/Users/ericgallager/Downloads/WebKit-r101776/Tools/CygwinDownloader/bin:/Users/ericgallager/Downloads/nacl_sdk/pepper_15/toolchain/mac_x86_newlib/bin:/Users/ericgallager/Downloads/nacl_sdk/pepper_15/toolchain/mac_x86_newlib/bin:/usr/local/ActivePerl-5.14/bin:/usr/local/PDK/bin:/opt/local/GNUstep/bin:/bin:/sbin:/usr/bin:/usr/sbin:/usr/local/bin:/usr/X11/bin:/usr/X11/lib/X11/xinit:/opt/X11/bin:/System/Library/Java/JavaVirtualMachines/1.6.0.jdk/Contents/Home/bin:/Library/Java/JavaVirtualMachines/1.6.0_29-b11-402.jdk/Contents/Home/bin:/Developer/GPU\ Computing/CUDALibraries/bin/darwin/release:/opt/local/src/go/go-57.1/bin:/opt/local/share/java/android-sdk-mac_x86/platform-tools:/usr/local/sdcc/bin:/usr/X11R6/bin:/Users/localadmin/.local/bin:/Users/ericgallager/go/bin:/Users/ericgallager/.gem/ruby/1.8/bin:/usr/local/osxbook/efi/gcc-4.1.0-glibc-2.3.6/i686-osxbook-linux-gnu/bin
#  PBXGDB_MISetEnvCommand t=1.641890 Tepoch=1344214993.153346
-> 7064-gdb-set env DISPLAY /tmp/launch-cImdNc/org.macosforge.xquartz:0
#  PBXGDB_MISetEnvCommand t=1.641988 Tepoch=1344214993.153444
-> 7065-gdb-set env DBUS_LAUNCHD_SESSION_BUS_SOCKET /tmp/launch-Uwhsw1/unix_domain_listener
#  PBXGDB_MISetEnvCommand t=1.642047 Tepoch=1344214993.153503
-> 7066-gdb-set env COMMAND_MODE unix2003
#  PBXGDB_MISetEnvCommand t=1.642162 Tepoch=1344214993.153618
-> 7067-gdb-set env HOME /Users/ericgallager
#  PBXGDB_MISetEnvCommand t=1.642277 Tepoch=1344214993.153733
-> 7068-gdb-set env TMPDIR /var/folders/2V/2VxMt4WCF5avqTEcHvhx9k+++TI/-Tmp-/
#  PBXGDB_MISetEnvCommand t=1.642340 Tepoch=1344214993.153796
-> 7069-gdb-set env USER ericgallager
#  PBXGDB_MISetEnvCommand t=1.642395 Tepoch=1344214993.153851
-> 7070-gdb-set env GOROOT /opt/local/src/go/go-57.1
#  PBXGDB_MISetEnvCommand t=1.643139 Tepoch=1344214993.154595
-> 7071-gdb-set env LOGNAME ericgallager
#  PBXGDB_MISetEnvCommand t=1.643201 Tepoch=1344214993.154657
-> 7072-gdb-set env CVS_RSH ssh
#  PBXGDB_MISetEnvCommand t=1.643257 Tepoch=1344214993.154713
-> 7073-gdb-set env __CF_USER_TEXT_ENCODING 0x1F5:0:0
#  PBXGDB_MISetEnvCommand t=1.643315 Tepoch=1344214993.154771
-> 7074-gdb-set env SSH_ASKPASS /Developer/Library/PrivateFrameworks/DevToolsInterface.framework/Resources/Xcode SSHPassKey
#  PBXGDB_MISetEnvCommand t=1.643375 Tepoch=1344214993.154831
-> 7075-gdb-set env DYLD_NEW_LOCAL_SHARED_REGIONS YES
#  PBXGDB_MISetEnvCommand t=1.643432 Tepoch=1344214993.154888
#  Enqueue seq in Command Q: <PBXGDB_SetupSharedLibrarySequence: 0x200ba47a0> t=1.643486 Tepoch=1344214993.154942
#  Executing Sequence: <PBXGDB_SetupSharedLibrarySequence: 0x200ba47a0> t=1.643519 Tepoch=1344214993.154975
-> 7077-gdb-set inferior-auto-start-cfm off
#  PBXGDB_MISetLoadCFMInfoCommand t=1.643605 Tepoch=1344214993.155061
-> 7076-gdb-set sharedLibrary load-rules dyld ".*AppKit.*" all dyld ".*libobjc.*" all dyld ".*CarbonDataFormatters.*" all dyld ".*libauto.*" all dyld ".*PBGDBIntrospectionSupport.*" all dyld ".*CFDataFormatters.*" all dyld ".*CoreFoundation.*" extern dyld ".*libSystem.*" all dyld ".*/usr/lib/dyld.*" all dyld ".*Foundation.*" all dyld "/System/Library/Frameworks\\\\|/System/Library/PrivateFrameworks\\\\|/usr/lib" extern dyld ".*" extern exec ".*" extern 
#  PBXGDB_MISetSharedLibraryLoadSymbolsCommand t=1.645867 Tepoch=1344214993.157323
-> 7078tty /dev/ttys004
#  PBXGDB_MISetTTYCommand t=1.645932 Tepoch=1344214993.157388
#  Enqueue seq in Command Q: <PBXGDB_GenericMICommandSequence: 0x201f56be0> t=1.645988 Tepoch=1344214993.157444
#  Enqueue seq in Command Q: <PBXGDB_FixAndContinueIsSupportedSequence: 0x201dfc860> t=1.646025 Tepoch=1344214993.157481
#  Enqueue seq in Command Q: <PBXGDB_NewBreakpointSequence: 0x201a0e160> t=1.648144 Tepoch=1344214993.159600
#  Enqueue seq in Command Q: <PBXGDB_NewBreakpointSequence: 0x200c6a1c0> t=1.648220 Tepoch=1344214993.159676
<- ~"GNU gdb 6.3.50-20050815 (Apple version gdb-1515) (Sat Jan 15 08:33:48 UTC 2011)\n"
<- ~"Copyright 2004 Free Software Foundation, Inc.\n"
<- ~"GDB is free software, covered by the GNU General Public License, and you are\nwelcome to change it and/or distribute copies of it under certain conditions.\nType \"show copying\" to see the conditions.\nThere is absolutely no warranty for GDB.  Type \"show warranty\" for details.\n"
<- ~"This GDB was configured as \"x86_64-apple-darwin\"."
<- 7046^done,version="6.3.50-20050815 (Apple version gdb-1515)",rc_version="1515",target="x86_64-apple-darwin",build-date="Sat Jan 15 08:33:48 UTC 2011",time={wallclock="0.00029",user="0.00024",system="0.00004",start="1344214993.144298",end="1344214993.144586"}
#  processing result t=1.648833 Tepoch=1344214993.160289
<- (gdb) 
<- 7047^done,time={wallclock="0.00003",user="0.00003",system="0.00000",start="1344214993.144657",end="1344214993.144685"}
#  processing result t=1.648946 Tepoch=1344214993.160402
<- (gdb) 
<- 7048^done,time={wallclock="0.00006",user="0.00003",system="0.00003",start="1344214993.144752",end="1344214993.144809"}
#  processing result t=1.689288 Tepoch=1344214993.200745
<- (gdb) 
<- 7049^done,time={wallclock="0.00001",user="0.00001",system="0.00000",start="1344214993.144896",end="1344214993.144905"}
#  processing result t=1.689421 Tepoch=1344214993.200877
<- (gdb) 
<- 7050^done,time={wallclock="0.00001",user="0.00001",system="0.00000",start="1344214993.144973",end="1344214993.144982"}
#  processing result t=1.689525 Tepoch=1344214993.200981
<- (gdb) 
<- 7051^done,time={wallclock="0.00001",user="0.00001",system="0.00000",start="1344214993.145441",end="1344214993.145452"}
#  processing result t=1.689629 Tepoch=1344214993.201085
<- (gdb) 
<- 7052^done,time={wallclock="0.00001",user="0.00001",system="0.00000",start="1344214993.145549",end="1344214993.145558"}
#  processing result t=1.690464 Tepoch=1344214993.201920
<- (gdb) 
<- 7053^done,time={wallclock="0.00001",user="0.00001",system="0.00000",start="1344214993.145677",end="1344214993.145685"}
#  processing result t=1.690747 Tepoch=1344214993.202203
<- (gdb) 
<- 7054^done,time={wallclock="0.00001",user="0.00001",system="0.00000",start="1344214993.145801",end="1344214993.145810"}
#  processing result t=1.690879 Tepoch=1344214993.202335
<- (gdb) 
<- 7055^done,time={wallclock="0.00001",user="0.00001",system="0.00000",start="1344214993.146030",end="1344214993.146041"}
#  processing result t=1.691228 Tepoch=1344214993.202684
<- (gdb) 
<- 7056^done,time={wallclock="0.00001",user="0.00001",system="0.00000",start="1344214993.146201",end="1344214993.146210"}
#  processing result t=1.691689 Tepoch=1344214993.203146
<- (gdb) 
<- 7057^done,time={wallclock="0.00001",user="0.00001",system="0.00000",start="1344214993.146260",end="1344214993.146269"}
#  processing result t=1.691901 Tepoch=1344214993.203357
<- (gdb) 
<- 7058^done,time={wallclock="0.00001",user="0.00001",system="0.00000",start="1344214993.146358",end="1344214993.146368"}
#  processing result t=1.692121 Tepoch=1344214993.203577
<- (gdb) 
<- 7059^done,time={wallclock="0.00001",user="0.00001",system="0.00000",start="1344214993.146422",end="1344214993.146431"}
#  processing result t=1.692229 Tepoch=1344214993.203685
<- (gdb) 
<- 7060^done,time={wallclock="0.00001",user="0.00001",system="0.00000",start="1344214993.146588",end="1344214993.146598"}
#  processing result t=1.692336 Tepoch=1344214993.203792
<- (gdb) 
<- 7061^done,time={wallclock="0.00002",user="0.00001",system="0.00001",start="1344214993.146805",end="1344214993.146821"}
#  processing result t=1.692442 Tepoch=1344214993.203898
<- (gdb) 
<- 7062^done,time={wallclock="0.00001",user="0.00001",system="0.00000",start="1344214993.146881",end="1344214993.146889"}
#  processing result t=1.692547 Tepoch=1344214993.204003
<- (gdb) 
<- 7063^done,time={wallclock="0.00005",user="0.00005",system="0.00001",start="1344214993.157002",end="1344214993.157056"}
#  processing result t=1.692641 Tepoch=1344214993.204097
<- (gdb) 
<- 7064^done,time={wallclock="0.00001",user="0.00001",system="0.00000",start="1344214993.157207",end="1344214993.157219"}
#  processing result t=1.692748 Tepoch=1344214993.204204
<- (gdb) 
<- 7065^done,time={wallclock="0.00004",user="0.00004",system="0.00000",start="1344214993.160508",end="1344214993.160551"}
#  processing result t=1.698435 Tepoch=1344214993.209891
<- (gdb) 
<- 7066^done,time={wallclock="0.00001",user="0.00001",system="0.00000",start="1344214993.160623",end="1344214993.160633"}
#  processing result t=1.698551 Tepoch=1344214993.210007
<- (gdb) 
<- 7067^done,time={wallclock="0.00001",user="0.00001",system="0.00000",start="1344214993.160699",end="1344214993.160708"}
#  processing result t=1.698650 Tepoch=1344214993.210106
<- (gdb) 
<- 7068^done,time={wallclock="0.00001",user="0.00001",system="0.00000",start="1344214993.160812",end="1344214993.160821"}
#  processing result t=1.698798 Tepoch=1344214993.210254
<- (gdb) 
<- 7069^done,time={wallclock="0.00001",user="0.00001",system="0.00000",start="1344214993.160877",end="1344214993.160886"}
#  processing result t=1.698911 Tepoch=1344214993.210367
<- (gdb) 
<- 7070^done,time={wallclock="0.00001",user="0.00001",system="0.00000",start="1344214993.160960",end="1344214993.160970"}
#  processing result t=1.707211 Tepoch=1344214993.218668
<- (gdb) 
<- 7071^done,time={wallclock="0.00001",user="0.00001",system="0.00000",start="1344214993.161030",end="1344214993.161038"}
#  processing result t=1.707476 Tepoch=1344214993.218933
<- (gdb) 
<- 7072^done,time={wallclock="0.00001",user="0.00001",system="0.00000",start="1344214993.161087",end="1344214993.161097"}
#  processing result t=1.707592 Tepoch=1344214993.219048
<- (gdb) 
<- 7073^done,time={wallclock="0.00001",user="0.00001",system="0.00000",start="1344214993.161172",end="1344214993.161181"}
#  processing result t=1.707708 Tepoch=1344214993.219165
<- (gdb) 
<- 7074^done,time={wallclock="0.00001",user="0.00001",system="0.00000",start="1344214993.161337",end="1344214993.161346"}
#  processing result t=1.707820 Tepoch=1344214993.219277
<- (gdb) 
<- 7075^done,time={wallclock="0.00001",user="0.00001",system="0.00000",start="1344214993.161421",end="1344214993.161431"}
#  processing result t=1.707924 Tepoch=1344214993.219381
<- (gdb) 
<- 7077^done,time={wallclock="0.00005",user="0.00001",system="0.00004",start="1344214993.161494",end="1344214993.161540"}
#  processing result t=1.708032 Tepoch=1344214993.219488
<- (gdb) 
<- 7076^done,time={wallclock="0.00002",user="0.00002",system="0.00000",start="1344214993.162092",end="1344214993.162115"}
#  processing result t=1.708148 Tepoch=1344214993.219605
-> 7080sharedlibrary apply-load-rules all
#  PBXGDB_MISharedLibraryApplyLoadRulesCommand t=1.708208 Tepoch=1344214993.219664
<- (gdb) 
<- &"tty /dev/ttys004\n"
<- 7078^done
#  processing result t=1.708320 Tepoch=1344214993.219777
<- (gdb) 
<- &"sharedlibrary apply-load-rules all\n"
<- 7080^done
#  processing result t=1.813940 Tepoch=1344214993.325396
#  didFinish Sequence: <PBXGDB_SetupSharedLibrarySequence: 0x200ba47a0> t=1.813996 Tepoch=1344214993.325452
#  Executing Sequence: <PBXGDB_GenericMICommandSequence: 0x201f56be0> t=1.814035 Tepoch=1344214993.325491
-> 7079-file-exec-and-symbols "/Users/localadmin/Documents/School/Computer Science/Intro to C/CommonWords/build/Debug/CommonWords"
#  PBXGDB_MILoadExecutableCommand t=1.827797 Tepoch=1344214993.339253
<- (gdb) 
<- 7079^done,time={wallclock="10.79526",user="0.06005",system="0.11969",start="1344214993.339532",end="1344215004.134788"}
#  processing result t=12.624593 Tepoch=1344215004.136050
#  didFinish Sequence: <PBXGDB_GenericMICommandSequence: 0x201f56be0> t=12.626009 Tepoch=1344215004.137465
#  Executing Sequence: <PBXGDB_FixAndContinueIsSupportedSequence: 0x201dfc860> t=12.626067 Tepoch=1344215004.137523
-> 7081-mi-verify-command file-fix-file-is-grooved
#  PBXGDB_MIVerifyCommandCommand t=12.626130 Tepoch=1344215004.137586
<- (gdb) 
<- 7081^done,name="file-fix-file-is-grooved",defined="true",implemented="true",time={wallclock="0.00004",user="0.00003",system="0.00001",start="1344215004.138425",end="1344215004.138465"}
#  processing result t=12.632547 Tepoch=1344215004.144003
-> 7082-file-fix-file-is-grooved
#  PBXGDB_MIFixAndContinueSupportedCommand t=12.632621 Tepoch=1344215004.144077
<- (gdb) 
<- 7082^done,supported="0",details="Groove is gone.",time={wallclock="0.00007",user="0.00003",system="0.00004",start="1344215004.144396",end="1344215004.144465"}
#  processing result t=12.633579 Tepoch=1344215004.145035
#  didFinish Sequence: <PBXGDB_FixAndContinueIsSupportedSequence: 0x201dfc860> t=12.633627 Tepoch=1344215004.145083
#  Executing Sequence: <PBXGDB_NewBreakpointSequence: 0x201a0e160> t=12.633663 Tepoch=1344215004.145119
#  Passed verification of state before break create command t=12.633735 Tepoch=1344215004.145191
-> 7083-break-insert -f "\"Ch9_Problem5_main.c\":123"
#  PBXGDB_MICreateFileBreakpointCommand t=12.633782 Tepoch=1344215004.145238
<- (gdb) 
<- 7083^done,bkpt={number="1",type="breakpoint",disp="keep",enabled="y",addr="<PENDING>",pending="\"Ch9_Problem5_main.c\":123",times="0"},time={wallclock="0.00032",user="0.00011",system="0.00022",start="1344215004.145558",end="1344215004.145879"}
#  processing result t=12.676120 Tepoch=1344215004.187576
#  didFinish Sequence: <PBXGDB_NewBreakpointSequence: 0x201a0e160> t=12.676207 Tepoch=1344215004.187663
#  Executing Sequence: <PBXGDB_NewBreakpointSequence: 0x200c6a1c0> t=12.676243 Tepoch=1344215004.187699
#  Passed verification of state before break create command t=12.676316 Tepoch=1344215004.187772
-> 7084-break-insert -f "\"Ch9_Problem5_main.c\":119"
#  PBXGDB_MICreateFileBreakpointCommand t=12.676364 Tepoch=1344215004.187820
<- (gdb) 
<- 7084^done,bkpt={number="2",type="breakpoint",disp="keep",enabled="y",addr="<PENDING>",pending="\"Ch9_Problem5_main.c\":119",times="0"},time={wallclock="0.00018",user="0.00009",system="0.00001",start="1344215004.188228",end="1344215004.188407"}
#  processing result t=12.677266 Tepoch=1344215004.188722
-> 7085-exec-arguments 
#  PBXGDB_MISetArgumentsCommand t=12.677781 Tepoch=1344215004.189238
#  Enqueue seq in Command Q: <PBXGDB_RegisterDataValueSetupSequence: 0x20211f1a0> t=12.677837 Tepoch=1344215004.189293
#  Enqueue seq in State Changing Q: <PBXGDB_RunControlSequence: 0x20210f160> t=12.677875 Tepoch=1344215004.189331
#  didFinish Sequence: <PBXGDB_NewBreakpointSequence: 0x200c6a1c0> t=12.677907 Tepoch=1344215004.189363
#  Executing Sequence: <PBXGDB_RegisterDataValueSetupSequence: 0x20211f1a0> t=12.677935 Tepoch=1344215004.189391
-> 7086-data-list-register-names
#  PBXGDB_MIGetRegisterNames t=12.677983 Tepoch=1344215004.189439
<- (gdb) 
<- 7085^done,time={wallclock="0.00003",user="0.00003",system="0.00000",start="1344215004.189692",end="1344215004.189724"}
#  processing result t=12.678782 Tepoch=1344215004.190238
<- (gdb) 
<- 7086^done,register-names=["rax","rbx","rcx","rdx","rsi","rdi","rbp","rsp","r8","r9","r10","r11","r12","r13","r14","r15","rip","eflags","cs","ss","ds","es","fs","gs","st0","st1","st2","st3","st4","st5","st6","st7","fctrl","fstat","ftag","fiseg","fioff","foseg","fooff","fop","xmm0","xmm1","xmm2","xmm3","xmm4","xmm5","xmm6","xmm7","xmm8","xmm9","xmm10","xmm11","xmm12","xmm13","xmm14","xmm15","mxcsr"],time={wallclock="0.00019",user="0.00019",system="0.00000",start="1344215004.189803",end="1344215004.189996"}
#  processing result t=12.679020 Tepoch=1344215004.190477
#  didFinish Sequence: <PBXGDB_RegisterDataValueSetupSequence: 0x20211f1a0> t=12.765236 Tepoch=1344215004.276693
#  Executing Sequence: <PBXGDB_RunControlSequence: 0x20210f160> t=12.765299 Tepoch=1344215004.276755
<- (gdb) 
-> 7087-exec-run
#  PBXGDB_MIRunExecutableCommand t=12.769039 Tepoch=1344215004.280495
<- ~"[Switching to process 45832]\n"
<- =shlibs-updated
<- 7087^running
#  processing result t=13.714890 Tepoch=1344215005.226347
-> 7088-pid-info
#  PBXGDB_MIGetPIDCommand t=13.719879 Tepoch=1344215005.231335
<- (gdb) 
<- 7088^done,process-id="45832",time={wallclock="0.00003",user="0.00002",system="0.00001",start="1344215005.237409",end="1344215005.237435"}
#  processing result t=13.731311 Tepoch=1344215005.242767
#  didFinish Sequence: <PBXGDB_RunControlSequence: 0x20210f160> t=13.868131 Tepoch=1344215005.379588
<- (gdb) 
<- =shlibs-added,shlib-info=[num="2",name="CommonWords",kind="-",dyld-addr="0x100000000",reason="exec",requested-state="E",state="E",path="/Users/localadmin/Documents/School/Computer Science/Intro to C/CommonWords/build/Debug/CommonWords",description="/Users/localadmin/Documents/School/Computer Science/Intro to C/CommonWords/build/Debug/CommonWords",loaded_addr="",slide="0x0",prefix=""],time={now="1344215005.383189"}
<- =shlibs-added,shlib-info=[num="3",name="libgomp.1.0.0.dylib",kind="-",dyld-addr="0x100004000",reason="dyld",requested-state="E",state="E",path="/usr/local/lib/libgomp.1.0.0.dylib",description="/usr/local/lib/libgomp.1.0.0.dylib",loaded_addr="0x100004000",slide="0x100004000",prefix=""],time={now="1344215005.383336"}
<- =shlibs-added,shlib-info=[num="4",name="libSystem.B.dylib",kind="-",dyld-addr="0x7fff89508000",reason="dyld",requested-state="Y",state="Y",path="/usr/lib/libSystem.B.dylib",description="/usr/lib/libSystem.B.dylib",loaded_addr="0x7fff89508000",slide="0x7fff89508000",prefix="",commpage-objpath="/usr/lib/libSystem.B.dylib[LC_SEGMENT.__DATA.__commpage]"],time={now="1344215005.383530"}
<- =shlibs-added,shlib-info=[num="5",name="libmathCommon.A.dylib",kind="-",dyld-addr="0x7fff88719000",reason="dyld",requested-state="E",state="E",path="/usr/lib/system/libmathCommon.A.dylib",description="/usr/lib/system/libmathCommon.A.dylib",loaded_addr="0x7fff88719000",slide="0x7fff88719000",prefix=""],time={now="1344215005.384113"}
<- 7087*stopped,time={wallclock="1.18343",user="0.00730",system="0.01026",start="1344215004.280688",end="1344215005.464121"},reason="exited-normally"
#  processing result t=13.953079 Tepoch=1344215005.464535
